Time: Thu Jul 04 2024 19:01:40 GMT+0300 (שעון ישראל (קיץ))
Message: BookModel validation failed: pages: Missing pages., price: Missing price., name: Missing name.
Stack: ValidationError: BookModel validation failed: pages: Missing pages., price: Missing price., name: Missing name.
    at model.Document.invalidate (C:\4578-99\2024-07-04\REST API using MongoDB\node_modules\mongoose\lib\document.js:3306:32)
    at C:\4578-99\2024-07-04\REST API using MongoDB\node_modules\mongoose\lib\document.js:3067:17
    at C:\4578-99\2024-07-04\REST API using MongoDB\node_modules\mongoose\lib\schemaType.js:1388:9
    at processTicksAndRejections (node:internal/process/task_queues:77:11)
---------------------------------------

Time: Thu Jul 04 2024 19:02:15 GMT+0300 (שעון ישראל (קיץ))
Message: BookModel validation failed: price: Price can't be negative., pages: Pages can't exceed 1000.
Stack: ValidationError: BookModel validation failed: price: Price can't be negative., pages: Pages can't exceed 1000.
    at model.Document.invalidate (C:\4578-99\2024-07-04\REST API using MongoDB\node_modules\mongoose\lib\document.js:3306:32)
    at C:\4578-99\2024-07-04\REST API using MongoDB\node_modules\mongoose\lib\document.js:3067:17
    at C:\4578-99\2024-07-04\REST API using MongoDB\node_modules\mongoose\lib\schemaType.js:1388:9
    at processTicksAndRejections (node:internal/process/task_queues:77:11)
---------------------------------------

Time: Thu Jul 04 2024 20:10:49 GMT+0300 (שעון ישראל (קיץ))
Message: _id 6686c796f9c23ed6a6f038cc not exist.
Stack: undefined
---------------------------------------

Time: Thu Jul 04 2024 20:12:01 GMT+0300 (שעון ישראל (קיץ))
Message: BookModel validation failed: name: Missing name.
Stack: ValidationError: BookModel validation failed: name: Missing name.
    at model.Document.invalidate (C:\4578-99\2024-07-04\REST API using MongoDB\node_modules\mongoose\lib\document.js:3306:32)
    at C:\4578-99\2024-07-04\REST API using MongoDB\node_modules\mongoose\lib\document.js:3067:17
    at C:\4578-99\2024-07-04\REST API using MongoDB\node_modules\mongoose\lib\schemaType.js:1388:9
    at processTicksAndRejections (node:internal/process/task_queues:77:11)
---------------------------------------

Time: Thu Jul 04 2024 20:16:29 GMT+0300 (שעון ישראל (קיץ))
Message: BookModel validation failed: name: Missing name.
Stack: undefined
---------------------------------------

Time: Thu Jul 04 2024 20:27:29 GMT+0300 (שעון ישראל (קיץ))
Message: _id 6686c7bff9c23ed6a6f038cf not exist.
Stack: undefined
---------------------------------------

Time: Thu Jul 04 2024 20:29:38 GMT+0300 (שעון ישראל (קיץ))
Message: _id 6686c796f9c23ed6a6f038cc not exist.
Stack: undefined
---------------------------------------

Time: Thu Jul 04 2024 20:29:52 GMT+0300 (שעון ישראל (קיץ))
Message: _id 6686c7bff9c23ed6a6f038ce not exist.
Stack: undefined
---------------------------------------

